     1                                  section .data
     2 00000000 48656C6C6F2C20576F-     	msg1 	db "Hello, World", 10, 0		; lancuch ze znakiem NL i 0
     2 00000009 726C640A00         
     3                                  	msg1Len equ $-msg1-1			; mierzymy dlugosc, odejmujac koncowe 0
     4 0000000E 416C69766520616E64-     	msg2 	db "Alive and feeling good", 10, 0	; lancuch ze znakiem NL i 0
     4 00000017 206665656C696E6720-
     4 00000020 676F6F640A00       
     5                                  	msg2Len equ $-msg2-1			; mierzymy dlugosc, odejmujac koncowe 0
     6 00000026 6501000000000000        	radius  dq 357
     7 0000002E 85EB51B81E851040        	pi      dq 4.13
     8                                  section .bss
     9                                  section .text
    10                                  	global main
    11                                  main:
    12 00000000 55                      	push rbp		; prolog funkcji
    13 00000001 4889E5                  	mov rbp, rsp		; prolog funkcji
    14 00000004 B801000000              	mov rax, 1		; 1 = wypisz
    15 00000009 BF01000000              	mov rdi, 1		; 1= stdout
    16 0000000E 48BE-                   	mov rsi, msg1		; lancuch do wyswietlania
    16 00000010 [0000000000000000] 
    17 00000018 BA0D000000              	mov rdx, msg1Len	; dlugosc lancucha
    18 0000001D 0F05                    	syscall
    19 0000001F B801000000              	mov rax, 1		; 1 = wypisz
    20 00000024 BF01000000              	mov rdi, 1		; 1= stdout
    21 00000029 48BE-                   	mov rsi, msg2		; lancuch do wyswietlania
    21 0000002B [0E00000000000000] 
    22 00000033 BA17000000              	mov rdx, msg2Len	; dlugosc lancucha
    23 00000038 0F05                    	syscall
    24 0000003A 4889EC                  	mov rsp, rbp	; epilog funkcji
    25 0000003D 5D                      	pop rbp		; epilog funkcji
    26 0000003E B83C000000              	mov rax, 60	; 60 = wyjscie
    27 00000043 BF00000000              	mov rdi, 0	; 0 = wysciowy kod syganaluzujacy sukces
    28 00000048 0F05                    	syscall
