     1                                  extern printf
     2                                  
     3                                  section .data
     4 00000000 0000000000002440            radius  dq  10.0
     5                                  section .bss
     6                                  section .text
     7                                  ;--------------------------------------
     8                                  area:
     9                                      section .data
    10 00000008 50455254FB210940                .pi dq  3.141592654
    11                                      section .text
    12 00000000 55                              push rbp
    13 00000001 4889E5                          mov rbp, rsp
    14                                          
    15 00000004 F20F100425-                     movsd   xmm0, [radius]
    15 00000009 [00000000]         
    16 0000000D F20F590425-                     mulsd   xmm0, [radius]
    16 00000012 [00000000]         
    17 00000016 F20F590425-                     mulsd   xmm0, [.pi]
    17 0000001B [08000000]         
    18                                  
    19 0000001F C9                              leave
    20 00000020 C3                              ret
    21                                  ;--------------------------------------
    22                                  circum:
    23                                      section .data
    24 00000010 1F85EB51B81E0940                .pi dq  3.14
    25                                      section .text
    26 00000021 55                              push rbp
    27 00000022 4889E5                          mov rbp, rsp
    28                                          
    29 00000025 F20F100425-                     movsd   xmm0, [radius]
    29 0000002A [00000000]         
    30 0000002E F20F580425-                     addsd   xmm0, [radius]
    30 00000033 [00000000]         
    31 00000037 F20F590425-                     mulsd   xmm0, [.pi]
    31 0000003C [10000000]         
    32                                  
    33 00000040 C9                              leave
    34 00000041 C3                              ret
    35                                  ;--------------------------------------
    36                                  circle:
    37                                      section .data
    38 00000018 417265613A2025660A-             .fmt_area   db  "Area: %f", 10, 0
    38 00000021 00                 
    39 00000022 43697263756D3A2025-             .fmt_circum db  "Circum: %f", 10, 0
    39 0000002B 660A00             
    40                                      section .text
    41 00000042 55                              push rbp
    42 00000043 4889E5                          mov rbp, rsp
    43                                          
    44 00000046 E8B5FFFFFF                      call area 
    45 0000004B 48BF-                           mov rdi, .fmt_area
    45 0000004D [1800000000000000] 
    46 00000055 B801000000                      mov rax, 1
    47 0000005A E8(00000000)                    call printf
    48                                          
    49 0000005F E8BDFFFFFF                      call circum
    50 00000064 48BF-                           mov rdi, .fmt_circum
    50 00000066 [2200000000000000] 
    51 0000006E B801000000                      mov rax, 1
    52 00000073 E8(00000000)                    call printf
    53                                  
    54 00000078 C9                              leave
    55 00000079 C3                              ret
    56                                  ;--------------------------------------
    57                                  	global main
    58                                  main:
    59 0000007A 55                      	push rbp
    60 0000007B 4889E5                  	mov rbp, rsp
    61 0000007E E8BFFFFFFF                  call circle 
    62 00000083 C9                          leave
    63 00000084 C3                          ret
