     1                                  extern  printf
     2                                  
     3                                  section .data
     4 00000000 00CA9A3B00000000            number dq  1000000000
     5 00000008 53756D61206F642030-         fmt    db "Suma od 0 do %ld, to %ld", 10, 0
     5 00000011 20646F20256C642C20-
     5 0000001A 746F20256C640A00   
     6                                  section .bss
     7                                  section .text
     8                                  	global main
     9                                  main:
    10 00000000 55                      	push rbp		    ; prolog funkcji
    11 00000001 4889E5                  	mov rbp, rsp		; prolog funkcji
    12                                  
    13 00000004 BB00000000                  mov rbx, 0          ; licznik
    14 00000009 B800000000                  mov rax, 0          ; suma wynikowa
    15                                  
    16                                  jloop:
    17 0000000E 4801D8                      add rax, rbx
    18 00000011 48FFC3                      inc rbx
    19 00000014 483B1C25[00000000]          cmp rbx, [number]
    20 0000001C 7EF0                        jle jloop
    21                                  
    22 0000001E 48BF-                       mov rdi, fmt
    22 00000020 [0800000000000000] 
    23 00000028 488B3425[00000000]          mov rsi, [number]
    24 00000030 4889C2                      mov rdx, rax
    25 00000033 B800000000                  mov rax, 0
    26 00000038 E8(00000000)                call printf
    27                                  
    28 0000003D 4889EC                  	mov rsp, rbp    	; epilog funkcji
    29 00000040 5D                      	pop rbp		        ; epilog funkcji
    30 00000041 C3                          ret
