     1                                  extern printf
     2                                  section .data
     3 00000000 0000000000002240            number1     dq  9.0
     4 00000008 0000000000405240            number2     dq  73.0
     5 00000010 4E756D626572733A20-     	fmt         db "Numbers: %f and %f", 10, 0
     5 00000019 256620616E64202566-
     5 00000022 0A00               
     6 00000024 25732025660A00          	fmtfloat    db "%s %f", 10, 0
     7 0000002B 53756D3A2025662061-         fmtsum      db "Sum: %f and %f is %f", 10, 0
     7 00000034 6E6420256620697320-
     7 0000003D 25660A00           
     8 00000041 4469663A2025662061-         fmtdif      db "Dif: %f and %f is %f", 10, 0
     8 0000004A 6E6420256620697320-
     8 00000053 25660A00           
     9 00000057 4D756C3A2025662061-         fmtmul      db "Mul: %f and %f is %f", 10, 0
     9 00000060 6E6420256620697320-
     9 00000069 25660A00           
    10 0000006D 4469763A2025662061-         fmtdiv      db "Div: %f and %f is %f", 10, 0
    10 00000076 6E6420256620697320-
    10 0000007F 25660A00           
    11 00000083 537172743A20256620-         fmtsqr      db "Sqrt: %f is %f", 10, 0
    11 0000008C 69732025660A00     
    12                                  section .bss
    13                                  section .text
    14                                  	global main
    15                                  main:
    16 00000000 55                          push rbp
    17 00000001 4889E5                      mov rbp, rsp
    18                                  
    19                                  ; wypisac
    20 00000004 F20F100425-                 movsd   xmm0, [number1]
    20 00000009 [00000000]         
    21 0000000D F20F100C25-                 movsd   xmm1, [number2]
    21 00000012 [08000000]         
    22 00000016 48BF-                       mov rdi, fmt
    22 00000018 [1000000000000000] 
    23 00000020 B802000000                  mov rax, 2
    24 00000025 E8(00000000)                call printf
    25                                  
    26                                  ; sum
    27 0000002A F20F101425-                 movsd xmm2, [number1]
    27 0000002F [00000000]         
    28 00000033 F20F581425-                 addsd xmm2, [number2]
    28 00000038 [08000000]         
    29 0000003C F20F100425-                 movsd xmm0, [number1]
    29 00000041 [00000000]         
    30 00000045 F20F100C25-                 movsd xmm1, [number2]
    30 0000004A [08000000]         
    31 0000004E 48BF-                       mov rdi, fmtsum
    31 00000050 [2B00000000000000] 
    32 00000058 B803000000                  mov rax, 3
    33 0000005D E8(00000000)                call printf
    34                                  
    35                                  ; diff
    36 00000062 F20F101425-                 movsd xmm2, [number1]
    36 00000067 [00000000]         
    37 0000006B F20F5C1425-                 subsd xmm2, [number2]
    37 00000070 [08000000]         
    38 00000074 F20F100425-                 movsd xmm0, [number1]
    38 00000079 [00000000]         
    39 0000007D F20F100C25-                 movsd xmm1, [number2]
    39 00000082 [08000000]         
    40 00000086 48BF-                       mov rdi, fmtdif
    40 00000088 [4100000000000000] 
    41 00000090 B803000000                  mov rax, 3
    42 00000095 E8(00000000)                call printf
    43                                  
    44                                  ; mul
    45 0000009A F20F101425-                 movsd xmm2, [number1]
    45 0000009F [00000000]         
    46 000000A3 F20F591425-                 mulsd xmm2, [number2]
    46 000000A8 [08000000]         
    47 000000AC F20F100425-                 movsd xmm0, [number1]
    47 000000B1 [00000000]         
    48 000000B5 F20F100C25-                 movsd xmm1, [number2]
    48 000000BA [08000000]         
    49 000000BE 48BF-                       mov rdi, fmtmul
    49 000000C0 [5700000000000000] 
    50 000000C8 B803000000                  mov rax, 3
    51 000000CD E8(00000000)                call printf
    52                                  
    53                                  ; div
    54 000000D2 F20F101425-                 movsd xmm2, [number1]
    54 000000D7 [00000000]         
    55 000000DB F20F5E1425-                 divsd xmm2, [number2]
    55 000000E0 [08000000]         
    56 000000E4 F20F100425-                 movsd xmm0, [number1]
    56 000000E9 [00000000]         
    57 000000ED F20F100C25-                 movsd xmm1, [number2]
    57 000000F2 [08000000]         
    58 000000F6 48BF-                       mov rdi, fmtdiv
    58 000000F8 [6D00000000000000] 
    59 00000100 B803000000                  mov rax, 3
    60 00000105 E8(00000000)                call printf
    61                                  
    62                                  ; sqrt
    63 0000010A F20F510C25-                 sqrtsd xmm1, [number1]
    63 0000010F [00000000]         
    64 00000113 F20F100425-                 movsd xmm0, [number1]
    64 00000118 [00000000]         
    65 0000011C 48BF-                       mov rdi, fmtsqr
    65 0000011E [8300000000000000] 
    66 00000126 B802000000                  mov rax, 2
    67 0000012B E8(00000000)                call printf
    68                                      
    69 00000130 4889EC                      mov rsp, rbp
    70 00000133 5D                          pop rbp
    71 00000134 C3                          ret
