     1                                  section .data
     2 00000000 7B                          bNum    db  123
     3 00000001 3930                        wNum    dw  12345 
     4 00000003 D2029649                    dNum    dd  1234567890
     5 00000007 1581E97DF4102211            qNum1   dq  1234567890123456789
     6 0000000F 40E2010000000000            qNum2   dq  123456
     7 00000017 1F85EB51B81E0940            qNum3   dq  3.14
     8                                  section .bss
     9                                  section .text
    10                                  	global main
    11                                  main:
    12 00000000 55                      	push rbp		    ; prolog funkcji
    13 00000001 4889E5                  	mov rbp, rsp		; prolog funkcji
    14                                  
    15 00000004 48C7C0FFFFFFFF              mov rax, -1         ; wypelniamy rax jedynkami
    16 0000000B 8A0425[00000000]            mov al, byte [bNum] ; NIE zeruje gorych bitow rax
    17 00000012 4831C0                      xor rax, rax        ; zeruje rax
    18 00000015 8A0425[00000000]            mov al, byte[bNum]  ; teraz rax zawiera poprawna wartosc
    19                                      
    20 0000001C 48C7C0FFFFFFFF              mov rax, -1         ; wypelniamy rax jedynkami
    21 00000023 668B0425[01000000]          mov ax, word [wNum] ; NIE zeruje gorych bitow rax
    22 0000002B 4831C0                      xor rax, rax        ; zeruje rax
    23 0000002E 668B0425[01000000]          mov ax, word[wNum]  ; teraz rax zawiera poprawna wartosc
    24                                      
    25 00000036 48C7C0FFFFFFFF              mov rax, -1             ; wypelniamy rax jedynkami
    26 0000003D 8B0425[03000000]            mov eax, dword [dNum]   ;zeruje gorne bity rax
    27                                      
    28 00000044 48C7C0FFFFFFFF              mov rax, -1             ; wypelniamy rax jedynkami
    29 0000004B 488B0425[07000000]          mov rax, qword [qNum1]  ; zeruje gorych bitow rax
    30 00000053 48890425[0F000000]          mov qword [qNum2], rax   ; jednym z operatorow jest zawsze rejestr
    31 0000005B B840E20100                  mov rax, 123456         ; operandem zrodlowym moze byc wartosc bezposrednia
    32                                  
    33 00000060 F30F7E0425-                 movq xmm0, [qNum3]      ; specialna intsrucja dla liczb zmiennnoprzecinkowych
    33 00000065 [17000000]         
    34                                      
    35 00000069 4889EC                  	mov rsp, rbp    	; epilog funkcji
    36 0000006C 5D                      	pop rbp		        ; epilog funkcji
    37                                  
    38 0000006D C3                          ret
