     1                                  section .data
     2 00000000 48656C6C6F2C20576F-     	msg db "Hello, World", 0
     2 00000009 726C6400           
     3 0000000D 0A                      	NL db 0x0a 	; new line
     4                                  section .bss
     5                                  section .text
     6                                  	global main
     7                                  main:
     8 00000000 B801000000              	mov rax, 1	; 1 = wypisz
     9 00000005 BF01000000              	mov rdi, 1	; 1= stdout
    10 0000000A 48BE-                   	mov rsi, msg
    10 0000000C [0000000000000000] 
    11 00000014 BA0C000000              	mov rdx, 12	; dlugosc lancucha bez 0 
    12 00000019 0F05                    	syscall
    13 0000001B B801000000              	mov rax, 1	; 1 = wypisz
    14 00000020 BF01000000              	mov rdi, 1	; 1= stdout
    15 00000025 48BE-                   	mov rsi, NL
    15 00000027 [0D00000000000000] 
    16 0000002F BA01000000              	mov rdx, 1	; dlugosc lancucha bez 0 
    17 00000034 0F05                    	syscall
    18 00000036 B83C000000              	mov rax, 60	; 60 = wyjscie
    19 0000003B BF00000000              	mov rdi, 0	; 0 = wysciowy kod syganaluzujacy sukces
    20 00000040 0F05                    	syscall
